Case #1: AB AB
Case #2: A A B C A BC
Case #3: C A BC
Case #4: B A B A BC
Case #5: A A BC
Case #6: A A B A BC
Case #7: C A C A C A BC
Case #8: A BC
Case #9: AB AB AB
Case #10: B C B C B C A BC
Case #11: A A C A BC
Case #12: C B C A BC
Case #13: C A C A BC
Case #14: C C A B C A BC
Case #15: AB
Case #16: B A BC
Case #17: B B C B C A BC
Case #18: B A B C A BC
Case #19: B C B C A BC
Case #20: A B A B A B A BC
Case #21: A A A B C A BC
Case #22: B B C A B C A BC
Case #23: A B C A B C A BC
Case #24: B A B A B C A BC
Case #25: A A C A C A BC
Case #26: B C A B C A BC
Case #27: B B A B C A BC
Case #28: A B A B C A BC
Case #29: A B C A BC
Case #30: A C A B C A BC
Case #31: A C A C A BC
Case #32: C A B C A BC
Case #33: A C A BC
Case #34: B C A BC
Case #35: A B A BC
Case #36: A A B A B A BC
Case #37: A A B A B C A BC
Case #38: C A C A B C A BC
Case #39: A C A C A C A BC
Case #40: A B A B A BC
Case #41: C B C B C A BC
Case #42: B A B A B A BC
Case #43: A A C A B C A BC
Case #44: B B C A BC
Case #45: AB AB AB AB
Case #46: C B C A B C A BC
