Case #1: AB AB
Case #2: A A B C A BC
Case #3: C A BC
Case #4: B A B A BC
Case #5: A C A C A C A BC
Case #6: A A B A B C A BC
Case #7: C A B C A BC
Case #8: A B A B A B A BC
Case #9: A B A BC
Case #10: A B C A BC
Case #11: A A C A BC
Case #12: B B C A B C A BC
Case #13: A B A B C A BC
Case #14: C A C A B C A BC
Case #15: C B C A BC
Case #16: A C A B C A BC
Case #17: AB AB AB
Case #18: A BC
Case #19: B C A BC
Case #20: B C A B C A BC
Case #21: A A BC
Case #22: B A B A B C A BC
Case #23: B A B A B A BC
Case #24: A C A BC
Case #25: A A C A C A BC
Case #26: B B C A BC
Case #27: A C A C A BC
Case #28: A A A B C A BC
Case #29: C B C A B C A BC
Case #30: B A BC
Case #31: B A B C A BC
Case #32: B C B C A BC
Case #33: B B A B C A BC
Case #34: AB AB AB AB
Case #35: A A B A B A BC
Case #36: C A C A BC
Case #37: C B C B C A BC
Case #38: A A B A BC
Case #39: A A C A B C A BC
Case #40: C C A B C A BC
Case #41: A B A B A BC
Case #42: AB
Case #43: A B C A B C A BC
Case #44: B B C B C A BC
Case #45: B C B C B C A BC
Case #46: C A C A C A BC
