Case #1: 01 02
Case #2: 320 320
Case #3: 0 0
Case #4: 50 09
Case #5: 080 049
Case #6: 09 09
Case #7: 908 799
Case #8: 208 208
Case #9: 899 934
Case #10: 059 090
Case #11: 80 39
Case #12: 800 800
Case #13: 058 080
Case #14: 086 086
Case #15: 519 560
Case #16: 380 231
Case #17: 9 9
Case #18: 00 00
Case #19: 299 300
Case #20: 203 203
Case #21: 440 440
Case #22: 50 50
Case #23: 050 050
Case #24: 604 604
Case #25: 730 727
Case #26: 049 080
Case #27: 5 5
Case #28: 019 050
Case #29: 099 909
Case #30: 199 734
Case #31: 070 029
Case #32: 990 099
Case #33: 763 767
Case #34: 0 0
Case #35: 618 559
Case #36: 950 191
Case #37: 910 909
Case #38: 901 901
Case #39: 080 039
Case #40: 50 01
Case #41: 90 90
Case #42: 106 104
Case #43: 299 320
Case #44: 0 0
Case #45: 600 195
Case #46: 570 569
Case #47: 300 300
Case #48: 750 747
Case #49: 99 99
Case #50: 304 305
Case #51: 130 109
Case #52: 99 59
Case #53: 087 100
Case #54: 280 280
Case #55: 00 00
Case #56: 049 090
Case #57: 09 99
Case #58: 90 90
Case #59: 040 009
Case #60: 090 059
Case #61: 299 890
Case #62: 039 070
Case #63: 060 019
Case #64: 99 99
Case #65: 09 90
Case #66: 260 256
Case #67: 90 90
Case #68: 700 095
Case #69: 099 130
Case #70: 089 120
Case #71: 00 00
Case #72: 59 90
Case #73: 399 809
Case #74: 860 860
Case #75: 900 196
Case #76: 070 039
Case #77: 100 099
Case #78: 202 202
Case #79: 50 50
Case #80: 5 5
Case #81: 155 155
Case #82: 99 99
Case #83: 370 370
Case #84: 803 019
Case #85: 000 000
Case #86: 00 00
Case #87: 809 399
Case #88: 120 089
Case #89: 59 59
Case #90: 850 850
Case #91: 300 297
Case #92: 056 056
Case #93: 007 007
Case #94: 099 990
Case #95: 725 723
Case #96: 9 9
Case #97: 008 006
Case #98: 90 09
Case #99: 227 231
Case #100: 909 099
Case #101: 59 99
Case #102: 682 682
Case #103: 069 100
