Case #1: 01 02
Case #2: 320 320
Case #3: 0 0
Case #4: 50 09
Case #5: 09 50
Case #6: 049 090
Case #7: 097 071
Case #8: 271 271
Case #9: 90 90
Case #10: 830 830
Case #11: 110 082
Case #12: 763 767
Case #13: 50 50
Case #14: 002 002
Case #15: 089 120
Case #16: 90 90
Case #17: 054 009
Case #18: 0 0
Case #19: 80 39
Case #20: 508 505
Case #21: 90 59
Case #22: 99 99
Case #23: 601 601
Case #24: 809 299
Case #25: 609 609
Case #26: 902 928
Case #27: 010 010
Case #28: 110 079
Case #29: 079 110
Case #30: 060 019
Case #31: 809 399
Case #32: 90 09
Case #33: 9 9
Case #34: 120 089
Case #35: 060 029
Case #36: 810 269
Case #37: 130 099
Case #38: 063 062
Case #39: 290 140
Case #40: 069 100
Case #41: 080 049
Case #42: 59 90
Case #43: 903 903
Case #44: 09 09
Case #45: 09 10
Case #46: 300 300
Case #47: 321 321
Case #48: 000 000
Case #49: 399 890
Case #50: 701 800
Case #51: 39 80
Case #52: 09 09
Case #53: 700 095
Case #54: 835 838
Case #55: 09 99
Case #56: 00 00
Case #57: 360 026
Case #58: 099 909
Case #59: 10 09
Case #60: 400 400
Case #61: 409 405
Case #62: 259 259
Case #63: 099 100
Case #64: 830 830
Case #65: 99 99
Case #66: 59 59
Case #67: 01 50
Case #68: 200 200
Case #69: 050 050
Case #70: 123 123
Case #71: 085 080
Case #72: 040 009
Case #73: 991 991
Case #74: 359 501
Case #75: 006 006
Case #76: 909 099
Case #77: 299 809
Case #78: 616 616
Case #79: 59 99
Case #80: 100 099
Case #81: 5 5
Case #82: 99 09
Case #83: 039 080
Case #84: 400 099
Case #85: 00 00
Case #86: 040 040
Case #87: 0 0
Case #88: 803 019
Case #89: 500 500
Case #90: 040 040
Case #91: 090 059
Case #92: 000 000
Case #93: 466 466
Case #94: 09 90
Case #95: 580 491
Case #96: 070 029
Case #97: 049 080
Case #98: 00 00
Case #99: 99 59
Case #100: 019 050
Case #101: 510 379
Case #102: 100 099
Case #103: 300 289
Case #104: 009 050
Case #105: 510 510
Case #106: 550 287
Case #107: 702 705
Case #108: 299 890
Case #109: 592 592
Case #110: 057 100
Case #111: 029 060
Case #112: 032 032
Case #113: 00 00
Case #114: 040 040
Case #115: 950 191
Case #116: 50 50
Case #117: 90 99
Case #118: 283 278
Case #119: 50 01
Case #120: 086 086
Case #121: 938 699
Case #122: 5 5
Case #123: 700 194
Case #124: 09 09
Case #125: 299 300
Case #126: 099 990
Case #127: 504 508
Case #128: 040 040
Case #129: 352 602
Case #130: 910 909
Case #131: 730 727
Case #132: 065 062
Case #133: 99 99
Case #134: 029 070
Case #135: 09 09
Case #136: 9 9
Case #137: 053 053
Case #138: 080 039
Case #139: 070 039
Case #140: 093 089
Case #141: 99 90
Case #142: 890 399
Case #143: 100 069
Case #144: 652 617
Case #145: 006 006
Case #146: 90 90
Case #147: 050 019
Case #148: 401 400
Case #149: 009 040
Case #150: 99 99
Case #151: 503 503
Case #152: 620 620
Case #153: 99 99
Case #154: 040 030
Case #155: 002 001
Case #156: 039 070
Case #157: 399 500
Case #158: 288 288
Case #159: 603 603
Case #160: 099 130
Case #161: 400 343
Case #162: 090 049
Case #163: 063 062
Case #164: 990 099
Case #165: 99 99
Case #166: 002 040
Case #167: 011 007
Case #168: 059 090
Case #169: 019 060
Case #170: 305 305
Case #171: 99 99
Case #172: 050 009
Case #173: 896 896
Case #174: 50 50
Case #175: 50 50
Case #176: 890 850
Case #177: 085 084
Case #178: 00 00
Case #179: 960 960
Case #180: 270 270
Case #181: 708 099
Case #182: 120 076
Case #183: 060 060
Case #184: 905 891
Case #185: 609 193
Case #186: 079 095
Case #187: 099 900
Case #188: 00 00
Case #189: 091 100
Case #190: 519 560
Case #191: 99 99
Case #192: 00 00
Case #193: 085 059
Case #194: 59 59
Case #195: 024 024
Case #196: 900 196
Case #197: 008 006
Case #198: 90 90
Case #199: 400 400
Case #200: 399 809
