Case #1: CAB
Case #2: MJA
Case #3: OCDE
Case #4: BBAAA
Case #5: CCCABBBAB
Case #6: CCCBAABAB
Case #7: ZXCASDQWE
Case #8: CCCCCAAAABBBBBA
Case #9: ZDABC
Case #10: CCCCCABBABBBBAB
Case #11: CCCCCCCBBBAAABB
Case #12: MMCDKLAJIHGFEBA
Case #13: A
Case #14: CBA
Case #15: BAA
Case #16: ONMLKJIHDBAEFGC
Case #17: CCCCCBBBBAABAAA
Case #18: Z
Case #19: CCBBBBAAAAAAB
Case #20: AAA
Case #21: BA
Case #22: CCCCCBBBBAAABAA
Case #23: CBBBBBBAAAAAAA
Case #24: ZAAAA
Case #25: MMLAKJIEBACDFGH
Case #26: ZACBA
Case #27: MMLIDABCEFGHJKA
Case #28: BAAA
Case #29: CCCCCCBBBABBAAA
Case #30: BA
Case #31: CCCCCBBBBBAAAAA
Case #32: ONMLDKJIEAFHGCB
Case #33: CBBBABBABBAABAB
Case #34: CCCCBBBAAAAAAAA
Case #35: CCCCCBBBBBAAAAA
Case #36: CCCCCCCBBBAAAAA
Case #37: CBAAAAAAAAAAB
Case #38: DCCCCCCBBBAAB
Case #39: CCCCCBBBBBAAAAA
Case #40: CAB
Case #41: CCCCCBBBBBAAAAA
Case #42: ONLHEAKJIGFDCBM
Case #43: CBA
Case #44: CCCCCBBBBABABBB
Case #45: BAAA
Case #46: ZAYBXCWDUE
Case #47: BBA
Case #48: CCCCCCCCAAABABB
Case #49: CCBAAAAAAABAABB
Case #50: ZEDCBAYXWU
Case #51: CCCCBAAABABBBAA
Case #52: CCCCBABBAABBBAB
Case #53: DCBBBBAAAAAAB
Case #54: BBA
Case #55: RRBAACADABA
Case #56: ONCBAHGFIKJLMDE
Case #57: WWWRGNHKSVJSBVJ
Case #58: OBDLEFGHINACMKJ
Case #59: ONMILKJBHGFEACD
Case #60: ONEDHKIJGFMCLBA
Case #61: CCCCCABABABBBBB
Case #62: CCCCCBAABBBABBA
Case #63: ZDCBA
Case #64: CCCCCBBBAAABBAA
Case #65: YYXXXFHDPKRBMKF
Case #66: BAA
Case #67: CCCBBBBAAAAAA
Case #68: MMLKJIGFEDBAAHC
Case #69: BBBBBAAAAAAAA
Case #70: BBB
Case #71: DDDCCBBBAAABB
Case #72: DCCCCBAAAAAAA
Case #73: ZABYCXDWEU
Case #74: CCCCCBBBBBAAAAA
Case #75: CBA
Case #76: BAAA
Case #77: BAAA
Case #78: YXWVKJFMPBVWBML
Case #79: AA
Case #80: CBA
Case #81: CCCCCBBBBBAAAAA
Case #82: CCCCCCAABAABAAA
Case #83: ZYTJRBRPRSSVDXY
Case #84: ONKGDELHCJFABMI
Case #85: OMNEKJIHGLFDCBA
Case #86: CCCCCABABAABABB
Case #87: BAA
Case #88: ONMLKBAIEJFDCHG
Case #89: MMLGDBAKJIHFECA
Case #90: BB
Case #91: MMKIDCBAEFGHJLA
Case #92: CCCCBAABABBBABB
Case #93: CCCCCBBBBBAAAAA
Case #94: CBBBBBBBBAAABA
Case #95: YVLKDFBHBFGGSPX
Case #96: ZABCD
Case #97: BBA
Case #98: DDDCBBBAAAABA
Case #99: CCCCCCBAAABBBAA
Case #100: ZADBC
